{"level":"info","message":"Server running in development mode on port 5000","service":"foodflex-backend","timestamp":"2026-02-27 22:13:55"}
{"level":"info","message":"Server running in development mode on port 5000","service":"foodflex-backend","timestamp":"2026-02-27 22:14:01"}
{"level":"info","message":"Server running in development mode on port 5000","service":"foodflex-backend","timestamp":"2026-02-27 22:17:58"}
{"level":"info","message":"Server running in development mode on port 5000","service":"foodflex-backend","timestamp":"2026-02-27 22:26:59"}
{"level":"info","message":"Server running in development mode on port 5000","service":"foodflex-backend","timestamp":"2026-02-27 22:28:10"}
{"level":"error","message":"500 - Cannot set property query of #<IncomingMessage> which has only a getter - /api/foods?page=1&limit=8&category=All - GET - ::1","service":"foodflex-backend","timestamp":"2026-02-27 22:29:17"}
{"level":"error","message":"500 - Cannot set property query of #<IncomingMessage> which has only a getter - /api/foods/categories - GET - ::1","service":"foodflex-backend","timestamp":"2026-02-27 22:29:17"}
{"level":"error","message":"500 - Cannot set property query of #<IncomingMessage> which has only a getter - /api/foods?page=1&limit=8&category=All - GET - ::1","service":"foodflex-backend","timestamp":"2026-02-27 22:29:29"}
{"level":"error","message":"500 - Cannot set property query of #<IncomingMessage> which has only a getter - /api/foods?page=1&limit=8&category=All - GET - ::1","service":"foodflex-backend","timestamp":"2026-02-27 22:30:04"}
{"level":"error","message":"500 - Cannot set property query of #<IncomingMessage> which has only a getter - /api/foods?page=1&limit=8&category=All - GET - ::1","service":"foodflex-backend","timestamp":"2026-02-27 22:30:21"}
{"level":"error","message":"500 - Cannot set property query of #<IncomingMessage> which has only a getter - /api/foods/categories - GET - ::1","service":"foodflex-backend","timestamp":"2026-02-27 22:30:21"}
{"level":"error","message":"500 - Cannot set property query of #<IncomingMessage> which has only a getter - /api/users - OPTIONS - ::1","service":"foodflex-backend","timestamp":"2026-02-27 22:31:18"}
{"level":"error","message":"500 - Cannot set property query of #<IncomingMessage> which has only a getter - /api/users - OPTIONS - ::1","service":"foodflex-backend","timestamp":"2026-02-27 22:31:40"}
{"level":"error","message":"500 - Cannot set property query of #<IncomingMessage> which has only a getter - /api/users - OPTIONS - ::1","service":"foodflex-backend","timestamp":"2026-02-27 22:31:46"}
{"level":"error","message":"500 - Cannot set property query of #<IncomingMessage> which has only a getter - /api/users - OPTIONS - ::1","service":"foodflex-backend","timestamp":"2026-02-27 22:31:51"}
{"level":"error","message":"500 - Cannot set property query of #<IncomingMessage> which has only a getter - /api/users - OPTIONS - ::1","service":"foodflex-backend","timestamp":"2026-02-27 22:31:58"}
{"level":"error","message":"500 - Cannot set property query of #<IncomingMessage> which has only a getter - /api/users - OPTIONS - ::1","service":"foodflex-backend","timestamp":"2026-02-27 22:31:58"}
{"level":"error","message":"500 - Cannot set property query of #<IncomingMessage> which has only a getter - /api/users - OPTIONS - ::1","service":"foodflex-backend","timestamp":"2026-02-27 22:32:03"}
{"level":"error","message":"500 - Cannot set property query of #<IncomingMessage> which has only a getter - /api/users - OPTIONS - ::1","service":"foodflex-backend","timestamp":"2026-02-27 22:32:09"}
{"level":"error","message":"500 - Cannot set property query of #<IncomingMessage> which has only a getter - /api/users - OPTIONS - ::1","service":"foodflex-backend","timestamp":"2026-02-27 22:32:15"}
{"level":"info","message":"Server running in development mode on port 5000","service":"foodflex-backend","timestamp":"2026-02-27 22:32:49"}
{"level":"error","message":"500 - Cannot set property query of #<IncomingMessage> which has only a getter - /api/foods?page=1&limit=8&category=All - GET - ::1","service":"foodflex-backend","timestamp":"2026-02-27 22:33:25"}
{"level":"error","message":"500 - Cannot set property query of #<IncomingMessage> which has only a getter - /api/foods/categories - GET - ::1","service":"foodflex-backend","timestamp":"2026-02-27 22:33:25"}
{"level":"error","message":"500 - Cannot set property query of #<IncomingMessage> which has only a getter - /api/foods?page=1&limit=8&category=All - GET - ::1","service":"foodflex-backend","timestamp":"2026-02-27 22:33:39"}
{"level":"error","message":"500 - Cannot set property query of #<IncomingMessage> which has only a getter - /api/foods/categories - GET - ::1","service":"foodflex-backend","timestamp":"2026-02-27 22:33:39"}
{"level":"error","message":"500 - Cannot set property query of #<IncomingMessage> which has only a getter - /api/foods?page=1&limit=8&category=All - GET - ::1","service":"foodflex-backend","timestamp":"2026-02-27 22:33:51"}
{"level":"error","message":"500 - Cannot set property query of #<IncomingMessage> which has only a getter - /api/foods/categories - GET - ::1","service":"foodflex-backend","timestamp":"2026-02-27 22:33:51"}
{"level":"error","message":"500 - Cannot set property query of #<IncomingMessage> which has only a getter - /api/users/login - OPTIONS - ::1","service":"foodflex-backend","timestamp":"2026-02-27 22:34:39"}
{"level":"error","message":"500 - Cannot set property query of #<IncomingMessage> which has only a getter - /api/users/login - OPTIONS - ::1","service":"foodflex-backend","timestamp":"2026-02-27 22:34:39"}
{"level":"error","message":"500 - Cannot set property query of #<IncomingMessage> which has only a getter - /api/users/login - OPTIONS - ::1","service":"foodflex-backend","timestamp":"2026-02-27 22:35:10"}
{"level":"error","message":"500 - Cannot set property query of #<IncomingMessage> which has only a getter - /api/foods?page=1&limit=8&category=All - GET - ::1","service":"foodflex-backend","timestamp":"2026-02-27 22:35:17"}
{"level":"error","message":"500 - Cannot set property query of #<IncomingMessage> which has only a getter - /api/foods/categories - GET - ::1","service":"foodflex-backend","timestamp":"2026-02-27 22:35:17"}
{"level":"error","message":"500 - Cannot set property query of #<IncomingMessage> which has only a getter - / - GET - ::1","service":"foodflex-backend","timestamp":"2026-02-27 22:35:23"}
{"level":"error","message":"500 - Cannot set property query of #<IncomingMessage> which has only a getter - /favicon.ico - GET - ::1","service":"foodflex-backend","timestamp":"2026-02-27 22:35:23"}
{"level":"info","message":"Server running in development mode on port 5000","service":"foodflex-backend","timestamp":"2026-02-27 22:36:06"}
{"level":"info","message":"Server running in development mode on port 5000","service":"foodflex-backend","timestamp":"2026-02-27 22:37:16"}
{"level":"error","message":"401 - Invalid email or password - /api/users/login - POST - ::1","service":"foodflex-backend","timestamp":"2026-02-27 23:03:26"}
{"level":"error","message":"401 - Invalid email or password - /api/users/login - POST - ::1","service":"foodflex-backend","timestamp":"2026-02-27 23:03:28"}
{"level":"info","message":"Server running in development mode on port 5000","service":"foodflex-backend","timestamp":"2026-02-27 23:08:09"}
{"level":"error","message":"500 - Cannot read properties of null (reading '_id') - /api/orders/myorders - GET - ::1","service":"foodflex-backend","timestamp":"2026-02-27 23:11:33"}
{"level":"info","message":"Server running in development mode on port 5000","service":"foodflex-backend","timestamp":"2026-02-27 23:12:53"}
{"level":"error","message":"500 - Cannot read properties of null (reading '_id') - /api/orders/myorders - GET - ::ffff:127.0.0.1","service":"foodflex-backend","timestamp":"2026-02-27 23:12:53"}
{"level":"info","message":"Server running in development mode on port 5000","service":"foodflex-backend","timestamp":"2026-02-27 23:13:35"}
{"level":"error","message":"500 - Cannot read properties of null (reading '_id') - /api/orders/myorders - GET - ::1","service":"foodflex-backend","timestamp":"2026-02-27 23:14:13"}
{"level":"error","message":"500 - Cannot read properties of null (reading '_id') - /api/orders/myorders - GET - ::1","service":"foodflex-backend","timestamp":"2026-02-27 23:14:17"}
{"level":"error","message":"500 - Cannot read properties of null (reading '_id') - /api/orders/myorders - GET - ::1","service":"foodflex-backend","timestamp":"2026-02-27 23:14:22"}
{"level":"error","message":"500 - Cannot read properties of null (reading '_id') - /api/orders - POST - ::1","service":"foodflex-backend","timestamp":"2026-02-27 23:15:14"}
{"level":"error","message":"500 - Cannot read properties of null (reading '_id') - /api/orders - POST - ::1","service":"foodflex-backend","timestamp":"2026-02-27 23:16:20"}
{"level":"info","message":"Server running in development mode on port 5000","service":"foodflex-backend","timestamp":"2026-02-27 23:17:02"}
{"level":"error","message":"500 - User not found, please re-login - /api/orders - POST - ::1","service":"foodflex-backend","timestamp":"2026-02-27 23:18:18"}
{"level":"error","message":"401 - Invalid email or password - /api/users/login - POST - ::1","service":"foodflex-backend","timestamp":"2026-02-27 23:18:45"}
{"level":"info","message":"Server running in development mode on port 5000","service":"foodflex-backend","timestamp":"2026-02-27 23:28:08"}
{"level":"info","message":"Server running in development mode on port 5000","service":"foodflex-backend","timestamp":"2026-02-27 23:28:14"}
{"level":"info","message":"Server running in development mode on port 5000","service":"foodflex-backend","timestamp":"2026-02-27 23:28:21"}
{"level":"info","message":"Server running in development mode on port 5000","service":"foodflex-backend","timestamp":"2026-02-27 23:28:30"}
{"level":"info","message":"Server running in development mode on port 5000","service":"foodflex-backend","timestamp":"2026-02-27 23:31:13"}
{"level":"info","message":"Server running in development mode on port 5000","service":"foodflex-backend","timestamp":"2026-02-27 23:39:28"}
{"level":"info","message":"Server running in development mode on port 5000","service":"foodflex-backend","timestamp":"2026-02-27 23:39:36"}
{"level":"info","message":"Server running in development mode on port 5000","service":"foodflex-backend","timestamp":"2026-02-27 23:39:50"}
{"level":"info","message":"Server running in development mode on port 5000","service":"foodflex-backend","timestamp":"2026-02-27 23:40:03"}
{"level":"info","message":"Server running in development mode on port 5000","service":"foodflex-backend","timestamp":"2026-02-27 23:56:06"}
{"level":"error","message":"401 - Invalid email or password - /api/users/login - POST - ::1","service":"foodflex-backend","timestamp":"2026-02-27 23:56:46"}
{"level":"error","message":"500 - next is not a function - /api/users/profile - PUT - ::1","service":"foodflex-backend","timestamp":"2026-02-28 00:00:34"}
{"level":"error","message":"500 - next is not a function - /api/users/profile - PUT - ::1","service":"foodflex-backend","timestamp":"2026-02-28 00:01:21"}
{"level":"info","message":"Server running in development mode on port 5000","service":"foodflex-backend","timestamp":"2026-02-28 00:18:37"}
{"level":"info","message":"Server running in development mode on port 5000","service":"foodflex-backend","timestamp":"2026-02-28 00:18:47"}
{"level":"info","message":"Server running in development mode on port 5000","service":"foodflex-backend","timestamp":"2026-02-28 00:18:58"}
{"level":"info","message":"Server running in development mode on port 5000","service":"foodflex-backend","timestamp":"2026-02-28 00:19:27"}
{"level":"info","message":"Server running in development mode on port 5000","service":"foodflex-backend","timestamp":"2026-02-28 00:26:15"}
{"level":"info","message":"Server running in development mode on port 5000","service":"foodflex-backend","timestamp":"2026-02-28 00:32:24"}
{"level":"error","message":"500 - Not Found - /api/orders/69a1d9a0a71b1b95705626ef/status - /api/orders/69a1d9a0a71b1b95705626ef/status - PUT - ::1","service":"foodflex-backend","timestamp":"2026-02-28 00:33:19"}
{"level":"error","message":"500 - Not Found - /api/orders/69a1d9a0a71b1b95705626ef/status - /api/orders/69a1d9a0a71b1b95705626ef/status - PUT - ::1","service":"foodflex-backend","timestamp":"2026-02-28 00:33:25"}
{"level":"error","message":"500 - Not Found - /api/orders/69a1d9a0a71b1b95705626ef/status - /api/orders/69a1d9a0a71b1b95705626ef/status - PUT - ::1","service":"foodflex-backend","timestamp":"2026-02-28 00:34:47"}
{"level":"error","message":"500 - Not Found - /api/orders/69a1cfe824b6a0c229367f59/status - /api/orders/69a1cfe824b6a0c229367f59/status - PUT - ::1","service":"foodflex-backend","timestamp":"2026-02-28 00:34:49"}
{"level":"error","message":"500 - Not Found - /api/orders/69a1c13181153eceff3e4092/status - /api/orders/69a1c13181153eceff3e4092/status - PUT - ::1","service":"foodflex-backend","timestamp":"2026-02-28 00:34:51"}
{"level":"error","message":"500 - Not Found - /api/orders/69a1cfe824b6a0c229367f59/status - /api/orders/69a1cfe824b6a0c229367f59/status - PUT - ::1","service":"foodflex-backend","timestamp":"2026-02-28 00:37:10"}
{"level":"error","message":"500 - Not Found - /api/orders/69a1d9a0a71b1b95705626ef/status - /api/orders/69a1d9a0a71b1b95705626ef/status - PUT - ::1","service":"foodflex-backend","timestamp":"2026-02-28 00:40:35"}
{"level":"error","message":"500 - Not Found - /api/orders/69a1cfe824b6a0c229367f59/status - /api/orders/69a1cfe824b6a0c229367f59/status - PUT - ::1","service":"foodflex-backend","timestamp":"2026-02-28 00:40:47"}
{"level":"info","message":"Server running in development mode on port 5000","service":"foodflex-backend","timestamp":"2026-02-28 00:41:52"}
{"level":"info","message":"Server running in development mode on port 5000","service":"foodflex-backend","timestamp":"2026-02-28 03:23:58"}
